<?xml version="1.0" encoding="UTF-8"?>
<!-- Generated by org.testng.reporters.JUnitXMLReporter -->
<testsuite ignored="2" hostname="LAPTOP-TNLVR2AO" failures="3" tests="6" name="Test1" time="26.895" errors="0" timestamp="2024-05-27T14:16:23 IST">
  <testcase classname="com.demoWorkShopFrameWork.WishList.AddToShoppingCart" name="addComputerTo" time="1.232">
    <failure type="java.lang.AssertionError" message="The following asserts failed:
	expected [BCDA] but found [ABCD]">
      <![CDATA[java.lang.AssertionError: The following asserts failed:
expected [BCDA] but found [ABCD]
at com.demoWorkShopFrameWork.WishList.AddToShoppingCart.addComputerTo(AddToShoppingCart.java:30)
at java.base/java.util.concurrent.ThreadPoolExecutor.runWorker(ThreadPoolExecutor.java:1136)
at java.base/java.util.concurrent.ThreadPoolExecutor$Worker.run(ThreadPoolExecutor.java:635)
at java.base/java.lang.Thread.run(Thread.java:833)
... Removed 14 stack frames]]>
    </failure>
  </testcase> <!-- addComputerTo -->
  <testcase classname="com.demoWorkShopFrameWork.WishList.PriceCheck" name="addComputerTo" time="1.306"/>
  <testcase classname="com.demoWorkShopFrameWork.WishList.PriceCheck" name="addComputerTo" time="1.192"/>
  <testcase classname="com.demoWorkShopFrameWork.WishList.AddToShoppingCart" name="addComputerTo" time="1.13">
    <failure type="java.lang.AssertionError" message="The following asserts failed:
	expected [BCDA] but found [ABCD],
	expected [BCDA] but found [ABCD]">
      <![CDATA[java.lang.AssertionError: The following asserts failed:
expected [BCDA] but found [ABCD],
expected [BCDA] but found [ABCD]
at com.demoWorkShopFrameWork.WishList.AddToShoppingCart.addComputerTo(AddToShoppingCart.java:30)
at java.base/java.util.concurrent.ThreadPoolExecutor.runWorker(ThreadPoolExecutor.java:1136)
at java.base/java.util.concurrent.ThreadPoolExecutor$Worker.run(ThreadPoolExecutor.java:635)
at java.base/java.lang.Thread.run(Thread.java:833)
... Removed 14 stack frames]]>
    </failure>
  </testcase> <!-- addComputerTo -->
  <testcase classname="com.demoWorkShopFrameWork.WishList.AddToShoppingCart" name="addComputerTo" time="1.324">
    <failure type="java.lang.AssertionError" message="The following asserts failed:
	expected [BCDA] but found [ABCD],
	expected [BCDA] but found [ABCD],
	expected [BCDA] but found [ABCD]">
      <![CDATA[java.lang.AssertionError: The following asserts failed:
expected [BCDA] but found [ABCD],
expected [BCDA] but found [ABCD],
expected [BCDA] but found [ABCD]
at com.demoWorkShopFrameWork.WishList.AddToShoppingCart.addComputerTo(AddToShoppingCart.java:30)
at java.base/java.util.concurrent.ThreadPoolExecutor.runWorker(ThreadPoolExecutor.java:1136)
at java.base/java.util.concurrent.ThreadPoolExecutor$Worker.run(ThreadPoolExecutor.java:635)
at java.base/java.lang.Thread.run(Thread.java:833)
... Removed 14 stack frames]]>
    </failure>
  </testcase> <!-- addComputerTo -->
  <testcase classname="com.demoWorkShopFrameWork.WishList.PriceCheck" name="addComputerTo" time="1.354"/>
  <testcase classname="com.WorkShopFrameWork.BaseClass.BaseClassUtility" name="@BeforeSuite name" time="0.0">
    <ignored/>
  </testcase> <!-- @BeforeSuite name -->
  <testcase classname="com.WorkShopFrameWork.BaseClass.BaseClassUtility" name="@AfterSuite flushReport" time="0.0">
    <ignored/>
  </testcase> <!-- @AfterSuite flushReport -->
</testsuite> <!-- Test1 -->
