<?xml version="1.0" encoding="UTF-8"?>
<!-- Generated by org.testng.reporters.JUnitXMLReporter -->
<testsuite ignored="0" hostname="LAPTOP-TNLVR2AO" failures="0" tests="3" name="Default test" time="24.947" errors="0" timestamp="2024-05-27T13:09:38 IST">
  <testcase classname="com.demoWorkShopFrameWork.WishList.PriceCheck" name="addComputerTo" time="1.222"/>
  <testcase classname="com.demoWorkShopFrameWork.WishList.PriceCheck" name="addComputerTo" time="1.209"/>
  <testcase classname="com.demoWorkShopFrameWork.WishList.PriceCheck" name="addComputerTo" time="1.191"/>
</testsuite> <!-- Default test -->
