<?xml version="1.0" encoding="UTF-8"?>
<testng-results ignored="0" total="12" passed="6" failed="6" skipped="0">
  <reporter-output>
    <line>
      <![CDATA[Build your own cheap computer=800.00]]>
    </line>
    <line>
      <![CDATA[Build your own cheap computer=800.00]]>
    </line>
    <line>
      <![CDATA[Build your own computer=1200.00]]>
    </line>
    <line>
      <![CDATA[Build your own computer=1200.00]]>
    </line>
    <line>
      <![CDATA[Build your own expensive computer=1800.00]]>
    </line>
    <line>
      <![CDATA[Build your own expensive computer=1800.00]]>
    </line>
    <line>
      <![CDATA[Build your own cheap computer=800.00]]>
    </line>
    <line>
      <![CDATA[Build your own cheap computer=800.00]]>
    </line>
    <line>
      <![CDATA[Build your own computer=1200.00]]>
    </line>
    <line>
      <![CDATA[Build your own computer=1200.00]]>
    </line>
    <line>
      <![CDATA[Build your own expensive computer=1800.00]]>
    </line>
    <line>
      <![CDATA[Build your own expensive computer=1800.00]]>
    </line>
  </reporter-output>
  <suite started-at="2024-05-27T14:15:56 IST" name="Suite" finished-at="2024-05-27T14:16:49 IST" duration-ms="53649">
    <groups>
    </groups>
    <test started-at="2024-05-27T14:15:56 IST" name="Test1" finished-at="2024-05-27T14:16:23 IST" duration-ms="26895">
      <class name="com.demoWorkShopFrameWork.WishList.AddToShoppingCart">
        <test-method is-config="true" signature="Beforclass()[pri:0, instance:com.demoWorkShopFrameWork.WishList.AddToShoppingCart@235ecd9f]" started-at="2024-05-27T14:15:56 IST" name="Beforclass" finished-at="2024-05-27T14:16:03 IST" duration-ms="6875" status="PASS">
          <reporter-output>
          </reporter-output>
        </test-method> <!-- Beforclass -->
        <test-method is-config="true" signature="BeforMethod()[pri:0, instance:com.demoWorkShopFrameWork.WishList.AddToShoppingCart@235ecd9f]" started-at="2024-05-27T14:16:03 IST" name="BeforMethod" finished-at="2024-05-27T14:16:08 IST" duration-ms="5233" status="PASS">
          <reporter-output>
          </reporter-output>
        </test-method> <!-- BeforMethod -->
        <test-method signature="addComputerTo(java.lang.String)[pri:0, instance:com.demoWorkShopFrameWork.WishList.AddToShoppingCart@235ecd9f]" started-at="2024-05-27T14:16:08 IST" name="addComputerTo" data-provider="DataProvider" finished-at="2024-05-27T14:16:09 IST" duration-ms="1232" status="FAIL">
          <params>
            <param index="0">
              <value>
                <![CDATA[Build your own cheap computer]]>
              </value>
            </param>
          </params>
          <exception class="java.lang.AssertionError">
            <message>
              <![CDATA[The following asserts failed:
expected [BCDA] but found [ABCD]]]>
            </message>
            <full-stacktrace>
              <![CDATA[java.lang.AssertionError: The following asserts failed:
expected [BCDA] but found [ABCD]
at org.testng.asserts.SoftAssert.assertAll(SoftAssert.java:46)
at org.testng.asserts.SoftAssert.assertAll(SoftAssert.java:30)
at com.demoWorkShopFrameWork.WishList.AddToShoppingCart.addComputerTo(AddToShoppingCart.java:30)
at java.base/jdk.internal.reflect.NativeMethodAccessorImpl.invoke0(Native Method)
at java.base/jdk.internal.reflect.NativeMethodAccessorImpl.invoke(NativeMethodAccessorImpl.java:77)
at java.base/jdk.internal.reflect.DelegatingMethodAccessorImpl.invoke(DelegatingMethodAccessorImpl.java:43)
at java.base/java.lang.reflect.Method.invoke(Method.java:568)
at org.testng.internal.invokers.MethodInvocationHelper.invokeMethod(MethodInvocationHelper.java:139)
at org.testng.internal.invokers.TestInvoker.invokeMethod(TestInvoker.java:664)
at org.testng.internal.invokers.TestInvoker.invokeTestMethod(TestInvoker.java:227)
at org.testng.internal.invokers.MethodRunner.runInSequence(MethodRunner.java:50)
at org.testng.internal.invokers.TestInvoker$MethodInvocationAgent.invoke(TestInvoker.java:957)
at org.testng.internal.invokers.TestInvoker.invokeTestMethods(TestInvoker.java:200)
at org.testng.internal.invokers.TestMethodWorker.invokeTestMethods(TestMethodWorker.java:148)
at org.testng.internal.invokers.TestMethodWorker.run(TestMethodWorker.java:128)
at java.base/java.util.concurrent.ThreadPoolExecutor.runWorker(ThreadPoolExecutor.java:1136)
at java.base/java.util.concurrent.ThreadPoolExecutor$Worker.run(ThreadPoolExecutor.java:635)
at java.base/java.lang.Thread.run(Thread.java:833)
]]>
            </full-stacktrace>
          </exception> <!-- java.lang.AssertionError -->
          <reporter-output>
            <line>
              <![CDATA[Build your own cheap computer=800.00]]>
            </line>
          </reporter-output>
        </test-method> <!-- addComputerTo -->
        <test-method is-config="true" signature="afterMethod()[pri:0, instance:com.demoWorkShopFrameWork.WishList.AddToShoppingCart@235ecd9f]" started-at="2024-05-27T14:16:10 IST" name="afterMethod" finished-at="2024-05-27T14:16:11 IST" duration-ms="850" status="PASS">
          <reporter-output>
          </reporter-output>
        </test-method> <!-- afterMethod -->
        <test-method is-config="true" signature="BeforMethod()[pri:0, instance:com.demoWorkShopFrameWork.WishList.AddToShoppingCart@235ecd9f]" started-at="2024-05-27T14:16:11 IST" name="BeforMethod" finished-at="2024-05-27T14:16:13 IST" duration-ms="2680" status="PASS">
          <reporter-output>
          </reporter-output>
        </test-method> <!-- BeforMethod -->
        <test-method signature="addComputerTo(java.lang.String)[pri:0, instance:com.demoWorkShopFrameWork.WishList.AddToShoppingCart@235ecd9f]" started-at="2024-05-27T14:16:13 IST" name="addComputerTo" data-provider="DataProvider" finished-at="2024-05-27T14:16:14 IST" duration-ms="1130" status="FAIL">
          <params>
            <param index="0">
              <value>
                <![CDATA[Build your own computer]]>
              </value>
            </param>
          </params>
          <exception class="java.lang.AssertionError">
            <message>
              <![CDATA[The following asserts failed:
expected [BCDA] but found [ABCD],
expected [BCDA] but found [ABCD]]]>
            </message>
            <full-stacktrace>
              <![CDATA[java.lang.AssertionError: The following asserts failed:
expected [BCDA] but found [ABCD],
expected [BCDA] but found [ABCD]
at org.testng.asserts.SoftAssert.assertAll(SoftAssert.java:46)
at org.testng.asserts.SoftAssert.assertAll(SoftAssert.java:30)
at com.demoWorkShopFrameWork.WishList.AddToShoppingCart.addComputerTo(AddToShoppingCart.java:30)
at java.base/jdk.internal.reflect.NativeMethodAccessorImpl.invoke0(Native Method)
at java.base/jdk.internal.reflect.NativeMethodAccessorImpl.invoke(NativeMethodAccessorImpl.java:77)
at java.base/jdk.internal.reflect.DelegatingMethodAccessorImpl.invoke(DelegatingMethodAccessorImpl.java:43)
at java.base/java.lang.reflect.Method.invoke(Method.java:568)
at org.testng.internal.invokers.MethodInvocationHelper.invokeMethod(MethodInvocationHelper.java:139)
at org.testng.internal.invokers.TestInvoker.invokeMethod(TestInvoker.java:664)
at org.testng.internal.invokers.TestInvoker.invokeTestMethod(TestInvoker.java:227)
at org.testng.internal.invokers.MethodRunner.runInSequence(MethodRunner.java:50)
at org.testng.internal.invokers.TestInvoker$MethodInvocationAgent.invoke(TestInvoker.java:957)
at org.testng.internal.invokers.TestInvoker.invokeTestMethods(TestInvoker.java:200)
at org.testng.internal.invokers.TestMethodWorker.invokeTestMethods(TestMethodWorker.java:148)
at org.testng.internal.invokers.TestMethodWorker.run(TestMethodWorker.java:128)
at java.base/java.util.concurrent.ThreadPoolExecutor.runWorker(ThreadPoolExecutor.java:1136)
at java.base/java.util.concurrent.ThreadPoolExecutor$Worker.run(ThreadPoolExecutor.java:635)
at java.base/java.lang.Thread.run(Thread.java:833)
]]>
            </full-stacktrace>
          </exception> <!-- java.lang.AssertionError -->
          <reporter-output>
            <line>
              <![CDATA[Build your own computer=1200.00]]>
            </line>
          </reporter-output>
        </test-method> <!-- addComputerTo -->
        <test-method is-config="true" signature="afterMethod()[pri:0, instance:com.demoWorkShopFrameWork.WishList.AddToShoppingCart@235ecd9f]" started-at="2024-05-27T14:16:15 IST" name="afterMethod" finished-at="2024-05-27T14:16:16 IST" duration-ms="888" status="PASS">
          <reporter-output>
          </reporter-output>
        </test-method> <!-- afterMethod -->
        <test-method is-config="true" signature="BeforMethod()[pri:0, instance:com.demoWorkShopFrameWork.WishList.AddToShoppingCart@235ecd9f]" started-at="2024-05-27T14:16:16 IST" name="BeforMethod" finished-at="2024-05-27T14:16:18 IST" duration-ms="2629" status="PASS">
          <reporter-output>
          </reporter-output>
        </test-method> <!-- BeforMethod -->
        <test-method signature="addComputerTo(java.lang.String)[pri:0, instance:com.demoWorkShopFrameWork.WishList.AddToShoppingCart@235ecd9f]" started-at="2024-05-27T14:16:18 IST" name="addComputerTo" data-provider="DataProvider" finished-at="2024-05-27T14:16:20 IST" duration-ms="1324" status="FAIL">
          <params>
            <param index="0">
              <value>
                <![CDATA[Build your own expensive computer]]>
              </value>
            </param>
          </params>
          <exception class="java.lang.AssertionError">
            <message>
              <![CDATA[The following asserts failed:
expected [BCDA] but found [ABCD],
expected [BCDA] but found [ABCD],
expected [BCDA] but found [ABCD]]]>
            </message>
            <full-stacktrace>
              <![CDATA[java.lang.AssertionError: The following asserts failed:
expected [BCDA] but found [ABCD],
expected [BCDA] but found [ABCD],
expected [BCDA] but found [ABCD]
at org.testng.asserts.SoftAssert.assertAll(SoftAssert.java:46)
at org.testng.asserts.SoftAssert.assertAll(SoftAssert.java:30)
at com.demoWorkShopFrameWork.WishList.AddToShoppingCart.addComputerTo(AddToShoppingCart.java:30)
at java.base/jdk.internal.reflect.NativeMethodAccessorImpl.invoke0(Native Method)
at java.base/jdk.internal.reflect.NativeMethodAccessorImpl.invoke(NativeMethodAccessorImpl.java:77)
at java.base/jdk.internal.reflect.DelegatingMethodAccessorImpl.invoke(DelegatingMethodAccessorImpl.java:43)
at java.base/java.lang.reflect.Method.invoke(Method.java:568)
at org.testng.internal.invokers.MethodInvocationHelper.invokeMethod(MethodInvocationHelper.java:139)
at org.testng.internal.invokers.TestInvoker.invokeMethod(TestInvoker.java:664)
at org.testng.internal.invokers.TestInvoker.invokeTestMethod(TestInvoker.java:227)
at org.testng.internal.invokers.MethodRunner.runInSequence(MethodRunner.java:50)
at org.testng.internal.invokers.TestInvoker$MethodInvocationAgent.invoke(TestInvoker.java:957)
at org.testng.internal.invokers.TestInvoker.invokeTestMethods(TestInvoker.java:200)
at org.testng.internal.invokers.TestMethodWorker.invokeTestMethods(TestMethodWorker.java:148)
at org.testng.internal.invokers.TestMethodWorker.run(TestMethodWorker.java:128)
at java.base/java.util.concurrent.ThreadPoolExecutor.runWorker(ThreadPoolExecutor.java:1136)
at java.base/java.util.concurrent.ThreadPoolExecutor$Worker.run(ThreadPoolExecutor.java:635)
at java.base/java.lang.Thread.run(Thread.java:833)
]]>
            </full-stacktrace>
          </exception> <!-- java.lang.AssertionError -->
          <reporter-output>
            <line>
              <![CDATA[Build your own expensive computer=1800.00]]>
            </line>
          </reporter-output>
        </test-method> <!-- addComputerTo -->
        <test-method is-config="true" signature="afterMethod()[pri:0, instance:com.demoWorkShopFrameWork.WishList.AddToShoppingCart@235ecd9f]" started-at="2024-05-27T14:16:20 IST" name="afterMethod" finished-at="2024-05-27T14:16:21 IST" duration-ms="956" status="PASS">
          <reporter-output>
          </reporter-output>
        </test-method> <!-- afterMethod -->
        <test-method is-config="true" signature="AfterClass()[pri:0, instance:com.demoWorkShopFrameWork.WishList.AddToShoppingCart@235ecd9f]" started-at="2024-05-27T14:16:21 IST" name="AfterClass" finished-at="2024-05-27T14:16:23 IST" duration-ms="1515" status="PASS">
          <reporter-output>
          </reporter-output>
        </test-method> <!-- AfterClass -->
      </class> <!-- com.demoWorkShopFrameWork.WishList.AddToShoppingCart -->
      <class name="com.demoWorkShopFrameWork.WishList.PriceCheck">
        <test-method is-config="true" signature="Beforclass()[pri:0, instance:com.demoWorkShopFrameWork.WishList.PriceCheck@3e8c3cb]" started-at="2024-05-27T14:15:56 IST" name="Beforclass" finished-at="2024-05-27T14:16:03 IST" duration-ms="6871" status="PASS">
          <reporter-output>
          </reporter-output>
        </test-method> <!-- Beforclass -->
        <test-method is-config="true" signature="BeforMethod()[pri:0, instance:com.demoWorkShopFrameWork.WishList.PriceCheck@3e8c3cb]" started-at="2024-05-27T14:16:03 IST" name="BeforMethod" finished-at="2024-05-27T14:16:08 IST" duration-ms="5190" status="PASS">
          <reporter-output>
          </reporter-output>
        </test-method> <!-- BeforMethod -->
        <test-method signature="addComputerTo(java.lang.String)[pri:0, instance:com.demoWorkShopFrameWork.WishList.PriceCheck@3e8c3cb]" started-at="2024-05-27T14:16:08 IST" name="addComputerTo" data-provider="DataProvider" finished-at="2024-05-27T14:16:09 IST" duration-ms="1306" status="PASS">
          <params>
            <param index="0">
              <value>
                <![CDATA[Build your own cheap computer]]>
              </value>
            </param>
          </params>
          <reporter-output>
            <line>
              <![CDATA[Build your own cheap computer=800.00]]>
            </line>
          </reporter-output>
        </test-method> <!-- addComputerTo -->
        <test-method is-config="true" signature="afterMethod()[pri:0, instance:com.demoWorkShopFrameWork.WishList.PriceCheck@3e8c3cb]" started-at="2024-05-27T14:16:09 IST" name="afterMethod" finished-at="2024-05-27T14:16:10 IST" duration-ms="902" status="PASS">
          <reporter-output>
          </reporter-output>
        </test-method> <!-- afterMethod -->
        <test-method is-config="true" signature="BeforMethod()[pri:0, instance:com.demoWorkShopFrameWork.WishList.PriceCheck@3e8c3cb]" started-at="2024-05-27T14:16:10 IST" name="BeforMethod" finished-at="2024-05-27T14:16:13 IST" duration-ms="2923" status="PASS">
          <reporter-output>
          </reporter-output>
        </test-method> <!-- BeforMethod -->
        <test-method signature="addComputerTo(java.lang.String)[pri:0, instance:com.demoWorkShopFrameWork.WishList.PriceCheck@3e8c3cb]" started-at="2024-05-27T14:16:13 IST" name="addComputerTo" data-provider="DataProvider" finished-at="2024-05-27T14:16:14 IST" duration-ms="1192" status="PASS">
          <params>
            <param index="0">
              <value>
                <![CDATA[Build your own computer]]>
              </value>
            </param>
          </params>
          <reporter-output>
            <line>
              <![CDATA[Build your own computer=1200.00]]>
            </line>
          </reporter-output>
        </test-method> <!-- addComputerTo -->
        <test-method is-config="true" signature="afterMethod()[pri:0, instance:com.demoWorkShopFrameWork.WishList.PriceCheck@3e8c3cb]" started-at="2024-05-27T14:16:14 IST" name="afterMethod" finished-at="2024-05-27T14:16:15 IST" duration-ms="939" status="PASS">
          <reporter-output>
          </reporter-output>
        </test-method> <!-- afterMethod -->
        <test-method is-config="true" signature="BeforMethod()[pri:0, instance:com.demoWorkShopFrameWork.WishList.PriceCheck@3e8c3cb]" started-at="2024-05-27T14:16:15 IST" name="BeforMethod" finished-at="2024-05-27T14:16:18 IST" duration-ms="3368" status="PASS">
          <reporter-output>
          </reporter-output>
        </test-method> <!-- BeforMethod -->
        <test-method signature="addComputerTo(java.lang.String)[pri:0, instance:com.demoWorkShopFrameWork.WishList.PriceCheck@3e8c3cb]" started-at="2024-05-27T14:16:18 IST" name="addComputerTo" data-provider="DataProvider" finished-at="2024-05-27T14:16:20 IST" duration-ms="1354" status="PASS">
          <params>
            <param index="0">
              <value>
                <![CDATA[Build your own expensive computer]]>
              </value>
            </param>
          </params>
          <reporter-output>
            <line>
              <![CDATA[Build your own expensive computer=1800.00]]>
            </line>
          </reporter-output>
        </test-method> <!-- addComputerTo -->
        <test-method is-config="true" signature="afterMethod()[pri:0, instance:com.demoWorkShopFrameWork.WishList.PriceCheck@3e8c3cb]" started-at="2024-05-27T14:16:20 IST" name="afterMethod" finished-at="2024-05-27T14:16:21 IST" duration-ms="931" status="PASS">
          <reporter-output>
          </reporter-output>
        </test-method> <!-- afterMethod -->
        <test-method is-config="true" signature="AfterClass()[pri:0, instance:com.demoWorkShopFrameWork.WishList.PriceCheck@3e8c3cb]" started-at="2024-05-27T14:16:21 IST" name="AfterClass" finished-at="2024-05-27T14:16:22 IST" duration-ms="1616" status="PASS">
          <reporter-output>
          </reporter-output>
        </test-method> <!-- AfterClass -->
      </class> <!-- com.demoWorkShopFrameWork.WishList.PriceCheck -->
    </test> <!-- Test1 -->
    <test started-at="2024-05-27T14:16:23 IST" name="Test2" finished-at="2024-05-27T14:16:49 IST" duration-ms="26664">
      <class name="com.demoWorkShopFrameWork.WishList.AddToShoppingCart">
        <test-method is-config="true" signature="Beforclass()[pri:0, instance:com.demoWorkShopFrameWork.WishList.AddToShoppingCart@1caa0244]" started-at="2024-05-27T14:16:23 IST" name="Beforclass" finished-at="2024-05-27T14:16:27 IST" duration-ms="4724" status="PASS">
          <reporter-output>
          </reporter-output>
        </test-method> <!-- Beforclass -->
        <test-method is-config="true" signature="BeforMethod()[pri:0, instance:com.demoWorkShopFrameWork.WishList.AddToShoppingCart@1caa0244]" started-at="2024-05-27T14:16:27 IST" name="BeforMethod" finished-at="2024-05-27T14:16:33 IST" duration-ms="5512" status="PASS">
          <reporter-output>
          </reporter-output>
        </test-method> <!-- BeforMethod -->
        <test-method signature="addComputerTo(java.lang.String)[pri:0, instance:com.demoWorkShopFrameWork.WishList.AddToShoppingCart@1caa0244]" started-at="2024-05-27T14:16:33 IST" name="addComputerTo" data-provider="DataProvider" finished-at="2024-05-27T14:16:34 IST" duration-ms="1172" status="FAIL">
          <params>
            <param index="0">
              <value>
                <![CDATA[Build your own cheap computer]]>
              </value>
            </param>
          </params>
          <exception class="java.lang.AssertionError">
            <message>
              <![CDATA[The following asserts failed:
expected [BCDA] but found [ABCD]]]>
            </message>
            <full-stacktrace>
              <![CDATA[java.lang.AssertionError: The following asserts failed:
expected [BCDA] but found [ABCD]
at org.testng.asserts.SoftAssert.assertAll(SoftAssert.java:46)
at org.testng.asserts.SoftAssert.assertAll(SoftAssert.java:30)
at com.demoWorkShopFrameWork.WishList.AddToShoppingCart.addComputerTo(AddToShoppingCart.java:30)
at java.base/jdk.internal.reflect.NativeMethodAccessorImpl.invoke0(Native Method)
at java.base/jdk.internal.reflect.NativeMethodAccessorImpl.invoke(NativeMethodAccessorImpl.java:77)
at java.base/jdk.internal.reflect.DelegatingMethodAccessorImpl.invoke(DelegatingMethodAccessorImpl.java:43)
at java.base/java.lang.reflect.Method.invoke(Method.java:568)
at org.testng.internal.invokers.MethodInvocationHelper.invokeMethod(MethodInvocationHelper.java:139)
at org.testng.internal.invokers.TestInvoker.invokeMethod(TestInvoker.java:664)
at org.testng.internal.invokers.TestInvoker.invokeTestMethod(TestInvoker.java:227)
at org.testng.internal.invokers.MethodRunner.runInSequence(MethodRunner.java:50)
at org.testng.internal.invokers.TestInvoker$MethodInvocationAgent.invoke(TestInvoker.java:957)
at org.testng.internal.invokers.TestInvoker.invokeTestMethods(TestInvoker.java:200)
at org.testng.internal.invokers.TestMethodWorker.invokeTestMethods(TestMethodWorker.java:148)
at org.testng.internal.invokers.TestMethodWorker.run(TestMethodWorker.java:128)
at java.base/java.util.concurrent.ThreadPoolExecutor.runWorker(ThreadPoolExecutor.java:1136)
at java.base/java.util.concurrent.ThreadPoolExecutor$Worker.run(ThreadPoolExecutor.java:635)
at java.base/java.lang.Thread.run(Thread.java:833)
]]>
            </full-stacktrace>
          </exception> <!-- java.lang.AssertionError -->
          <reporter-output>
            <line>
              <![CDATA[Build your own cheap computer=800.00]]>
            </line>
          </reporter-output>
        </test-method> <!-- addComputerTo -->
        <test-method is-config="true" signature="afterMethod()[pri:0, instance:com.demoWorkShopFrameWork.WishList.AddToShoppingCart@1caa0244]" started-at="2024-05-27T14:16:35 IST" name="afterMethod" finished-at="2024-05-27T14:16:36 IST" duration-ms="1308" status="PASS">
          <reporter-output>
          </reporter-output>
        </test-method> <!-- afterMethod -->
        <test-method is-config="true" signature="BeforMethod()[pri:0, instance:com.demoWorkShopFrameWork.WishList.AddToShoppingCart@1caa0244]" started-at="2024-05-27T14:16:36 IST" name="BeforMethod" finished-at="2024-05-27T14:16:39 IST" duration-ms="3154" status="PASS">
          <reporter-output>
          </reporter-output>
        </test-method> <!-- BeforMethod -->
        <test-method signature="addComputerTo(java.lang.String)[pri:0, instance:com.demoWorkShopFrameWork.WishList.AddToShoppingCart@1caa0244]" started-at="2024-05-27T14:16:39 IST" name="addComputerTo" data-provider="DataProvider" finished-at="2024-05-27T14:16:41 IST" duration-ms="1250" status="FAIL">
          <params>
            <param index="0">
              <value>
                <![CDATA[Build your own computer]]>
              </value>
            </param>
          </params>
          <exception class="java.lang.AssertionError">
            <message>
              <![CDATA[The following asserts failed:
expected [BCDA] but found [ABCD],
expected [BCDA] but found [ABCD]]]>
            </message>
            <full-stacktrace>
              <![CDATA[java.lang.AssertionError: The following asserts failed:
expected [BCDA] but found [ABCD],
expected [BCDA] but found [ABCD]
at org.testng.asserts.SoftAssert.assertAll(SoftAssert.java:46)
at org.testng.asserts.SoftAssert.assertAll(SoftAssert.java:30)
at com.demoWorkShopFrameWork.WishList.AddToShoppingCart.addComputerTo(AddToShoppingCart.java:30)
at java.base/jdk.internal.reflect.NativeMethodAccessorImpl.invoke0(Native Method)
at java.base/jdk.internal.reflect.NativeMethodAccessorImpl.invoke(NativeMethodAccessorImpl.java:77)
at java.base/jdk.internal.reflect.DelegatingMethodAccessorImpl.invoke(DelegatingMethodAccessorImpl.java:43)
at java.base/java.lang.reflect.Method.invoke(Method.java:568)
at org.testng.internal.invokers.MethodInvocationHelper.invokeMethod(MethodInvocationHelper.java:139)
at org.testng.internal.invokers.TestInvoker.invokeMethod(TestInvoker.java:664)
at org.testng.internal.invokers.TestInvoker.invokeTestMethod(TestInvoker.java:227)
at org.testng.internal.invokers.MethodRunner.runInSequence(MethodRunner.java:50)
at org.testng.internal.invokers.TestInvoker$MethodInvocationAgent.invoke(TestInvoker.java:957)
at org.testng.internal.invokers.TestInvoker.invokeTestMethods(TestInvoker.java:200)
at org.testng.internal.invokers.TestMethodWorker.invokeTestMethods(TestMethodWorker.java:148)
at org.testng.internal.invokers.TestMethodWorker.run(TestMethodWorker.java:128)
at java.base/java.util.concurrent.ThreadPoolExecutor.runWorker(ThreadPoolExecutor.java:1136)
at java.base/java.util.concurrent.ThreadPoolExecutor$Worker.run(ThreadPoolExecutor.java:635)
at java.base/java.lang.Thread.run(Thread.java:833)
]]>
            </full-stacktrace>
          </exception> <!-- java.lang.AssertionError -->
          <reporter-output>
            <line>
              <![CDATA[Build your own computer=1200.00]]>
            </line>
          </reporter-output>
        </test-method> <!-- addComputerTo -->
        <test-method is-config="true" signature="afterMethod()[pri:0, instance:com.demoWorkShopFrameWork.WishList.AddToShoppingCart@1caa0244]" started-at="2024-05-27T14:16:41 IST" name="afterMethod" finished-at="2024-05-27T14:16:43 IST" duration-ms="1650" status="PASS">
          <reporter-output>
          </reporter-output>
        </test-method> <!-- afterMethod -->
        <test-method is-config="true" signature="BeforMethod()[pri:0, instance:com.demoWorkShopFrameWork.WishList.AddToShoppingCart@1caa0244]" started-at="2024-05-27T14:16:43 IST" name="BeforMethod" finished-at="2024-05-27T14:16:45 IST" duration-ms="2752" status="PASS">
          <reporter-output>
          </reporter-output>
        </test-method> <!-- BeforMethod -->
        <test-method signature="addComputerTo(java.lang.String)[pri:0, instance:com.demoWorkShopFrameWork.WishList.AddToShoppingCart@1caa0244]" started-at="2024-05-27T14:16:45 IST" name="addComputerTo" data-provider="DataProvider" finished-at="2024-05-27T14:16:46 IST" duration-ms="1148" status="FAIL">
          <params>
            <param index="0">
              <value>
                <![CDATA[Build your own expensive computer]]>
              </value>
            </param>
          </params>
          <exception class="java.lang.AssertionError">
            <message>
              <![CDATA[The following asserts failed:
expected [BCDA] but found [ABCD],
expected [BCDA] but found [ABCD],
expected [BCDA] but found [ABCD]]]>
            </message>
            <full-stacktrace>
              <![CDATA[java.lang.AssertionError: The following asserts failed:
expected [BCDA] but found [ABCD],
expected [BCDA] but found [ABCD],
expected [BCDA] but found [ABCD]
at org.testng.asserts.SoftAssert.assertAll(SoftAssert.java:46)
at org.testng.asserts.SoftAssert.assertAll(SoftAssert.java:30)
at com.demoWorkShopFrameWork.WishList.AddToShoppingCart.addComputerTo(AddToShoppingCart.java:30)
at java.base/jdk.internal.reflect.NativeMethodAccessorImpl.invoke0(Native Method)
at java.base/jdk.internal.reflect.NativeMethodAccessorImpl.invoke(NativeMethodAccessorImpl.java:77)
at java.base/jdk.internal.reflect.DelegatingMethodAccessorImpl.invoke(DelegatingMethodAccessorImpl.java:43)
at java.base/java.lang.reflect.Method.invoke(Method.java:568)
at org.testng.internal.invokers.MethodInvocationHelper.invokeMethod(MethodInvocationHelper.java:139)
at org.testng.internal.invokers.TestInvoker.invokeMethod(TestInvoker.java:664)
at org.testng.internal.invokers.TestInvoker.invokeTestMethod(TestInvoker.java:227)
at org.testng.internal.invokers.MethodRunner.runInSequence(MethodRunner.java:50)
at org.testng.internal.invokers.TestInvoker$MethodInvocationAgent.invoke(TestInvoker.java:957)
at org.testng.internal.invokers.TestInvoker.invokeTestMethods(TestInvoker.java:200)
at org.testng.internal.invokers.TestMethodWorker.invokeTestMethods(TestMethodWorker.java:148)
at org.testng.internal.invokers.TestMethodWorker.run(TestMethodWorker.java:128)
at java.base/java.util.concurrent.ThreadPoolExecutor.runWorker(ThreadPoolExecutor.java:1136)
at java.base/java.util.concurrent.ThreadPoolExecutor$Worker.run(ThreadPoolExecutor.java:635)
at java.base/java.lang.Thread.run(Thread.java:833)
]]>
            </full-stacktrace>
          </exception> <!-- java.lang.AssertionError -->
          <reporter-output>
            <line>
              <![CDATA[Build your own expensive computer=1800.00]]>
            </line>
          </reporter-output>
        </test-method> <!-- addComputerTo -->
        <test-method is-config="true" signature="afterMethod()[pri:0, instance:com.demoWorkShopFrameWork.WishList.AddToShoppingCart@1caa0244]" started-at="2024-05-27T14:16:47 IST" name="afterMethod" finished-at="2024-05-27T14:16:48 IST" duration-ms="990" status="PASS">
          <reporter-output>
          </reporter-output>
        </test-method> <!-- afterMethod -->
        <test-method is-config="true" signature="AfterClass()[pri:0, instance:com.demoWorkShopFrameWork.WishList.AddToShoppingCart@1caa0244]" started-at="2024-05-27T14:16:48 IST" name="AfterClass" finished-at="2024-05-27T14:16:49 IST" duration-ms="1401" status="PASS">
          <reporter-output>
          </reporter-output>
        </test-method> <!-- AfterClass -->
      </class> <!-- com.demoWorkShopFrameWork.WishList.AddToShoppingCart -->
      <class name="com.demoWorkShopFrameWork.WishList.PriceCheck">
        <test-method is-config="true" signature="name()[pri:0, instance:com.demoWorkShopFrameWork.WishList.PriceCheck@cecf639]" started-at="2024-05-27T14:15:56 IST" name="name" finished-at="2024-05-27T14:15:56 IST" duration-ms="24" status="PASS">
          <reporter-output>
          </reporter-output>
        </test-method> <!-- name -->
        <test-method is-config="true" signature="Beforclass()[pri:0, instance:com.demoWorkShopFrameWork.WishList.PriceCheck@cecf639]" started-at="2024-05-27T14:16:23 IST" name="Beforclass" finished-at="2024-05-27T14:16:27 IST" duration-ms="4251" status="PASS">
          <reporter-output>
          </reporter-output>
        </test-method> <!-- Beforclass -->
        <test-method is-config="true" signature="BeforMethod()[pri:0, instance:com.demoWorkShopFrameWork.WishList.PriceCheck@cecf639]" started-at="2024-05-27T14:16:27 IST" name="BeforMethod" finished-at="2024-05-27T14:16:32 IST" duration-ms="5390" status="PASS">
          <reporter-output>
          </reporter-output>
        </test-method> <!-- BeforMethod -->
        <test-method signature="addComputerTo(java.lang.String)[pri:0, instance:com.demoWorkShopFrameWork.WishList.PriceCheck@cecf639]" started-at="2024-05-27T14:16:32 IST" name="addComputerTo" data-provider="DataProvider" finished-at="2024-05-27T14:16:33 IST" duration-ms="1053" status="PASS">
          <params>
            <param index="0">
              <value>
                <![CDATA[Build your own cheap computer]]>
              </value>
            </param>
          </params>
          <reporter-output>
            <line>
              <![CDATA[Build your own cheap computer=800.00]]>
            </line>
          </reporter-output>
        </test-method> <!-- addComputerTo -->
        <test-method is-config="true" signature="afterMethod()[pri:0, instance:com.demoWorkShopFrameWork.WishList.PriceCheck@cecf639]" started-at="2024-05-27T14:16:33 IST" name="afterMethod" finished-at="2024-05-27T14:16:34 IST" duration-ms="1096" status="PASS">
          <reporter-output>
          </reporter-output>
        </test-method> <!-- afterMethod -->
        <test-method is-config="true" signature="BeforMethod()[pri:0, instance:com.demoWorkShopFrameWork.WishList.PriceCheck@cecf639]" started-at="2024-05-27T14:16:34 IST" name="BeforMethod" finished-at="2024-05-27T14:16:37 IST" duration-ms="2251" status="PASS">
          <reporter-output>
          </reporter-output>
        </test-method> <!-- BeforMethod -->
        <test-method signature="addComputerTo(java.lang.String)[pri:0, instance:com.demoWorkShopFrameWork.WishList.PriceCheck@cecf639]" started-at="2024-05-27T14:16:37 IST" name="addComputerTo" data-provider="DataProvider" finished-at="2024-05-27T14:16:38 IST" duration-ms="1038" status="PASS">
          <params>
            <param index="0">
              <value>
                <![CDATA[Build your own computer]]>
              </value>
            </param>
          </params>
          <reporter-output>
            <line>
              <![CDATA[Build your own computer=1200.00]]>
            </line>
          </reporter-output>
        </test-method> <!-- addComputerTo -->
        <test-method is-config="true" signature="afterMethod()[pri:0, instance:com.demoWorkShopFrameWork.WishList.PriceCheck@cecf639]" started-at="2024-05-27T14:16:38 IST" name="afterMethod" finished-at="2024-05-27T14:16:39 IST" duration-ms="999" status="PASS">
          <reporter-output>
          </reporter-output>
        </test-method> <!-- afterMethod -->
        <test-method is-config="true" signature="BeforMethod()[pri:0, instance:com.demoWorkShopFrameWork.WishList.PriceCheck@cecf639]" started-at="2024-05-27T14:16:39 IST" name="BeforMethod" finished-at="2024-05-27T14:16:41 IST" duration-ms="2214" status="PASS">
          <reporter-output>
          </reporter-output>
        </test-method> <!-- BeforMethod -->
        <test-method signature="addComputerTo(java.lang.String)[pri:0, instance:com.demoWorkShopFrameWork.WishList.PriceCheck@cecf639]" started-at="2024-05-27T14:16:41 IST" name="addComputerTo" data-provider="DataProvider" finished-at="2024-05-27T14:16:42 IST" duration-ms="1131" status="PASS">
          <params>
            <param index="0">
              <value>
                <![CDATA[Build your own expensive computer]]>
              </value>
            </param>
          </params>
          <reporter-output>
            <line>
              <![CDATA[Build your own expensive computer=1800.00]]>
            </line>
          </reporter-output>
        </test-method> <!-- addComputerTo -->
        <test-method is-config="true" signature="afterMethod()[pri:0, instance:com.demoWorkShopFrameWork.WishList.PriceCheck@cecf639]" started-at="2024-05-27T14:16:42 IST" name="afterMethod" finished-at="2024-05-27T14:16:43 IST" duration-ms="1144" status="PASS">
          <reporter-output>
          </reporter-output>
        </test-method> <!-- afterMethod -->
        <test-method is-config="true" signature="AfterClass()[pri:0, instance:com.demoWorkShopFrameWork.WishList.PriceCheck@cecf639]" started-at="2024-05-27T14:16:43 IST" name="AfterClass" finished-at="2024-05-27T14:16:45 IST" duration-ms="1612" status="PASS">
          <reporter-output>
          </reporter-output>
        </test-method> <!-- AfterClass -->
        <test-method is-config="true" signature="flushReport()[pri:0, instance:com.demoWorkShopFrameWork.WishList.PriceCheck@cecf639]" started-at="2024-05-27T14:16:49 IST" name="flushReport" finished-at="2024-05-27T14:16:50 IST" duration-ms="649" status="PASS">
          <reporter-output>
          </reporter-output>
        </test-method> <!-- flushReport -->
      </class> <!-- com.demoWorkShopFrameWork.WishList.PriceCheck -->
    </test> <!-- Test2 -->
  </suite> <!-- Suite -->
</testng-results>
